This file contains any messages produced by compilers while
running configure, to aid debugging if configure makes a mistake.

It was created by vagabond configure 0.0, which was
generated by GNU Autoconf 2.69.  Invocation command line was

  $ ./configure --with-combined-threads --enable-float --enable-threads

## --------- ##
## Platform. ##
## --------- ##

hostname = DESKTOP-TBR3SDA
uname -m = x86_64
uname -r = 3.10.0-693.5.2.el7.x86_64
uname -s = Linux
uname -v = #1 SMP Fri Oct 20 20:32:50 UTC 2017

/usr/bin/uname -p = x86_64
/bin/uname -X     = unknown

/bin/arch              = x86_64
/usr/bin/arch -k       = unknown
/usr/convex/getsysinfo = unknown
/usr/bin/hostinfo      = unknown
/bin/machine           = unknown
/usr/bin/oslevel       = unknown
/bin/universe          = unknown

PATH: /usr/local/bin
PATH: /usr/local/sbin
PATH: /usr/bin
PATH: /usr/sbin
PATH: /bin
PATH: /sbin
PATH: /home/ginn/ccp4/ccp4-7.0/bin
PATH: /home/ginn/.local/bin
PATH: /home/ginn/bin
PATH: /home/ginn/ccp4/ccp4-7.0/bin


## ----------- ##
## Core tests. ##
## ----------- ##

configure:2442: checking for a BSD-compatible install
configure:2510: result: /usr/bin/install -c
configure:2521: checking whether build environment is sane
configure:2576: result: yes
configure:2727: checking for a thread-safe mkdir -p
configure:2766: result: /usr/bin/mkdir -p
configure:2773: checking for gawk
configure:2789: found /usr/bin/gawk
configure:2800: result: gawk
configure:2811: checking whether make sets $(MAKE)
configure:2833: result: yes
configure:2862: checking whether make supports nested variables
configure:2879: result: yes
configure:2992: checking build system type
configure:3006: result: x86_64-unknown-linux-gnu
configure:3026: checking host system type
configure:3039: result: x86_64-unknown-linux-gnu
configure:3080: checking how to print strings
configure:3107: result: printf
configure:3140: checking for style of include used by make
configure:3168: result: GNU
configure:3239: checking for gcc
configure:3255: found /usr/bin/gcc
configure:3266: result: gcc
configure:3495: checking for C compiler version
configure:3504: gcc --version >&5
gcc (GCC) 4.8.5 20150623 (Red Hat 4.8.5-16)
Copyright (C) 2015 Free Software Foundation, Inc.
This is free software; see the source for copying conditions.  There is NO
warranty; not even for MERCHANTABILITY or FITNESS FOR A PARTICULAR PURPOSE.

configure:3515: $? = 0
configure:3504: gcc -v >&5
Using built-in specs.
COLLECT_GCC=gcc
COLLECT_LTO_WRAPPER=/usr/libexec/gcc/x86_64-redhat-linux/4.8.5/lto-wrapper
Target: x86_64-redhat-linux
Configured with: ../configure --prefix=/usr --mandir=/usr/share/man --infodir=/usr/share/info --with-bugurl=http://bugzilla.redhat.com/bugzilla --enable-bootstrap --enable-shared --enable-threads=posix --enable-checking=release --with-system-zlib --enable-__cxa_atexit --disable-libunwind-exceptions --enable-gnu-unique-object --enable-linker-build-id --with-linker-hash-style=gnu --enable-languages=c,c++,objc,obj-c++,java,fortran,ada,go,lto --enable-plugin --enable-initfini-array --disable-libgcj --with-isl=/builddir/build/BUILD/gcc-4.8.5-20150702/obj-x86_64-redhat-linux/isl-install --with-cloog=/builddir/build/BUILD/gcc-4.8.5-20150702/obj-x86_64-redhat-linux/cloog-install --enable-gnu-indirect-function --with-tune=generic --with-arch_32=x86-64 --build=x86_64-redhat-linux
Thread model: posix
gcc version 4.8.5 20150623 (Red Hat 4.8.5-16) (GCC) 
configure:3515: $? = 0
configure:3504: gcc -V >&5
gcc: error: unrecognized command line option '-V'
gcc: fatal error: no input files
compilation terminated.
configure:3515: $? = 4
configure:3504: gcc -qversion >&5
gcc: error: unrecognized command line option '-qversion'
gcc: fatal error: no input files
compilation terminated.
configure:3515: $? = 4
configure:3535: checking whether the C compiler works
configure:3557: gcc    conftest.c  >&5
configure:3561: $? = 0
configure:3609: result: yes
configure:3612: checking for C compiler default output file name
configure:3614: result: a.out
configure:3620: checking for suffix of executables
configure:3627: gcc -o conftest    conftest.c  >&5
configure:3631: $? = 0
configure:3653: result: 
configure:3675: checking whether we are cross compiling
configure:3683: gcc -o conftest    conftest.c  >&5
configure:3687: $? = 0
configure:3694: ./conftest
configure:3698: $? = 0
configure:3713: result: no
configure:3718: checking for suffix of object files
configure:3740: gcc -c   conftest.c >&5
configure:3744: $? = 0
configure:3765: result: o
configure:3769: checking whether we are using the GNU C compiler
configure:3788: gcc -c   conftest.c >&5
configure:3788: $? = 0
configure:3797: result: yes
configure:3806: checking whether gcc accepts -g
configure:3826: gcc -c -g  conftest.c >&5
configure:3826: $? = 0
configure:3867: result: yes
configure:3884: checking for gcc option to accept ISO C89
configure:3947: gcc  -c -g -O2  conftest.c >&5
configure:3947: $? = 0
configure:3960: result: none needed
configure:3982: checking dependency style of gcc
configure:4093: result: gcc3
configure:4108: checking for a sed that does not truncate output
configure:4172: result: /usr/bin/sed
configure:4190: checking for grep that handles long lines and -e
configure:4248: result: /usr/bin/grep
configure:4253: checking for egrep
configure:4315: result: /usr/bin/grep -E
configure:4320: checking for fgrep
configure:4382: result: /usr/bin/grep -F
configure:4417: checking for ld used by gcc
configure:4484: result: /usr/bin/ld
configure:4491: checking if the linker (/usr/bin/ld) is GNU ld
configure:4506: result: yes
configure:4518: checking for BSD- or MS-compatible name lister (nm)
configure:4567: result: /usr/bin/nm -B
configure:4697: checking the name lister (/usr/bin/nm -B) interface
configure:4704: gcc -c -g -O2  conftest.c >&5
configure:4707: /usr/bin/nm -B "conftest.o"
configure:4710: output
0000000000000000 B some_variable
configure:4717: result: BSD nm
configure:4720: checking whether ln -s works
configure:4724: result: yes
configure:4732: checking the maximum length of command line arguments
configure:4862: result: 1572864
configure:4879: checking whether the shell understands some XSI constructs
configure:4889: result: yes
configure:4893: checking whether the shell understands "+="
configure:4899: result: yes
configure:4934: checking how to convert x86_64-unknown-linux-gnu file names to x86_64-unknown-linux-gnu format
configure:4974: result: func_convert_file_noop
configure:4981: checking how to convert x86_64-unknown-linux-gnu file names to toolchain format
configure:5001: result: func_convert_file_noop
configure:5008: checking for /usr/bin/ld option to reload object files
configure:5015: result: -r
configure:5089: checking for objdump
configure:5105: found /usr/bin/objdump
configure:5116: result: objdump
configure:5148: checking how to recognize dependent libraries
configure:5350: result: pass_all
configure:5435: checking for dlltool
configure:5465: result: no
configure:5495: checking how to associate runtime and link libraries
configure:5522: result: printf %s\n
configure:5583: checking for ar
configure:5599: found /usr/bin/ar
configure:5610: result: ar
configure:5647: checking for archiver @FILE support
configure:5664: gcc -c -g -O2  conftest.c >&5
configure:5664: $? = 0
configure:5667: ar cru libconftest.a @conftest.lst >&5
configure:5670: $? = 0
configure:5675: ar cru libconftest.a @conftest.lst >&5
ar: conftest.o: No such file or directory
configure:5678: $? = 1
configure:5690: result: @
configure:5748: checking for strip
configure:5764: found /usr/bin/strip
configure:5775: result: strip
configure:5847: checking for ranlib
configure:5863: found /usr/bin/ranlib
configure:5874: result: ranlib
configure:5976: checking command to parse /usr/bin/nm -B output from gcc object
configure:6096: gcc -c -g -O2  conftest.c >&5
configure:6099: $? = 0
configure:6103: /usr/bin/nm -B conftest.o \| sed -n -e 's/^.*[ ]\([ABCDGIRSTW][ABCDGIRSTW]*\)[ ][ ]*\([_A-Za-z][_A-Za-z0-9]*\)$/\1 \2 \2/p' | sed '/ __gnu_lto/d' \> conftest.nm
configure:6106: $? = 0
configure:6172: gcc -o conftest -g -O2   conftest.c conftstm.o >&5
configure:6175: $? = 0
configure:6213: result: ok
configure:6250: checking for sysroot
configure:6280: result: no
configure:6357: gcc -c -g -O2  conftest.c >&5
configure:6360: $? = 0
configure:6536: checking for mt
configure:6566: result: no
configure:6586: checking if : is a manifest tool
configure:6592: : '-?'
configure:6600: result: no
configure:7242: checking how to run the C preprocessor
configure:7273: gcc -E  conftest.c
configure:7273: $? = 0
configure:7287: gcc -E  conftest.c
conftest.c:11:28: fatal error: ac_nonexistent.h: No such file or directory
 #include <ac_nonexistent.h>
                            ^
compilation terminated.
configure:7287: $? = 1
configure: failed program was:
| /* confdefs.h */
| #define PACKAGE_NAME "vagabond"
| #define PACKAGE_TARNAME "vagabond"
| #define PACKAGE_VERSION "0.0"
| #define PACKAGE_STRING "vagabond 0.0"
| #define PACKAGE_BUGREPORT "vagabond@hginn.co.uk"
| #define PACKAGE_URL ""
| #define PACKAGE "vagabond"
| #define VERSION "0.0"
| /* end confdefs.h.  */
| #include <ac_nonexistent.h>
configure:7312: result: gcc -E
configure:7332: gcc -E  conftest.c
configure:7332: $? = 0
configure:7346: gcc -E  conftest.c
conftest.c:11:28: fatal error: ac_nonexistent.h: No such file or directory
 #include <ac_nonexistent.h>
                            ^
compilation terminated.
configure:7346: $? = 1
configure: failed program was:
| /* confdefs.h */
| #define PACKAGE_NAME "vagabond"
| #define PACKAGE_TARNAME "vagabond"
| #define PACKAGE_VERSION "0.0"
| #define PACKAGE_STRING "vagabond 0.0"
| #define PACKAGE_BUGREPORT "vagabond@hginn.co.uk"
| #define PACKAGE_URL ""
| #define PACKAGE "vagabond"
| #define VERSION "0.0"
| /* end confdefs.h.  */
| #include <ac_nonexistent.h>
configure:7375: checking for ANSI C header files
configure:7395: gcc -c -g -O2  conftest.c >&5
configure:7395: $? = 0
configure:7468: gcc -o conftest -g -O2   conftest.c  >&5
configure:7468: $? = 0
configure:7468: ./conftest
configure:7468: $? = 0
configure:7479: result: yes
configure:7492: checking for sys/types.h
configure:7492: gcc -c -g -O2  conftest.c >&5
configure:7492: $? = 0
configure:7492: result: yes
configure:7492: checking for sys/stat.h
configure:7492: gcc -c -g -O2  conftest.c >&5
configure:7492: $? = 0
configure:7492: result: yes
configure:7492: checking for stdlib.h
configure:7492: gcc -c -g -O2  conftest.c >&5
configure:7492: $? = 0
configure:7492: result: yes
configure:7492: checking for string.h
configure:7492: gcc -c -g -O2  conftest.c >&5
configure:7492: $? = 0
configure:7492: result: yes
configure:7492: checking for memory.h
configure:7492: gcc -c -g -O2  conftest.c >&5
configure:7492: $? = 0
configure:7492: result: yes
configure:7492: checking for strings.h
configure:7492: gcc -c -g -O2  conftest.c >&5
configure:7492: $? = 0
configure:7492: result: yes
configure:7492: checking for inttypes.h
configure:7492: gcc -c -g -O2  conftest.c >&5
configure:7492: $? = 0
configure:7492: result: yes
configure:7492: checking for stdint.h
configure:7492: gcc -c -g -O2  conftest.c >&5
configure:7492: $? = 0
configure:7492: result: yes
configure:7492: checking for unistd.h
configure:7492: gcc -c -g -O2  conftest.c >&5
configure:7492: $? = 0
configure:7492: result: yes
configure:7506: checking for dlfcn.h
configure:7506: gcc -c -g -O2  conftest.c >&5
configure:7506: $? = 0
configure:7506: result: yes
configure:7712: checking for objdir
configure:7727: result: .libs
configure:7994: checking if gcc supports -fno-rtti -fno-exceptions
configure:8012: gcc -c -g -O2  -fno-rtti -fno-exceptions conftest.c >&5
cc1: warning: command line option '-fno-rtti' is valid for C++/ObjC++ but not for C [enabled by default]
configure:8016: $? = 0
configure:8029: result: no
configure:8356: checking for gcc option to produce PIC
configure:8363: result: -fPIC -DPIC
configure:8371: checking if gcc PIC flag -fPIC -DPIC works
configure:8389: gcc -c -g -O2  -fPIC -DPIC -DPIC conftest.c >&5
configure:8393: $? = 0
configure:8406: result: yes
configure:8435: checking if gcc static flag -static works
configure:8463: result: no
configure:8478: checking if gcc supports -c -o file.o
configure:8499: gcc -c -g -O2  -o out/conftest2.o conftest.c >&5
configure:8503: $? = 0
configure:8525: result: yes
configure:8533: checking if gcc supports -c -o file.o
configure:8580: result: yes
configure:8613: checking whether the gcc linker (/usr/bin/ld -m elf_x86_64) supports shared libraries
configure:9766: result: yes
configure:9803: checking whether -lc should be explicitly linked in
configure:9811: gcc -c -g -O2  conftest.c >&5
configure:9814: $? = 0
configure:9829: gcc -shared  -fPIC -DPIC conftest.o  -v -Wl,-soname -Wl,conftest -o conftest 2\>\&1 \| /usr/bin/grep  -lc  \>/dev/null 2\>\&1
configure:9832: $? = 0
configure:9846: result: no
configure:10006: checking dynamic linker characteristics
configure:10517: gcc -o conftest -g -O2   -Wl,-rpath -Wl,/foo conftest.c  >&5
configure:10517: $? = 0
configure:10743: result: GNU/Linux ld.so
configure:10850: checking how to hardcode library paths into programs
configure:10875: result: immediate
configure:11415: checking whether stripping libraries is possible
configure:11420: result: yes
configure:11455: checking if libtool supports shared libraries
configure:11457: result: yes
configure:11460: checking whether to build shared libraries
configure:11481: result: yes
configure:11484: checking whether to build static libraries
configure:11488: result: yes
configure:11588: checking for g++
configure:11604: found /usr/bin/g++
configure:11615: result: g++
configure:11642: checking for C++ compiler version
configure:11651: g++ --version >&5
g++ (GCC) 4.8.5 20150623 (Red Hat 4.8.5-16)
Copyright (C) 2015 Free Software Foundation, Inc.
This is free software; see the source for copying conditions.  There is NO
warranty; not even for MERCHANTABILITY or FITNESS FOR A PARTICULAR PURPOSE.

configure:11662: $? = 0
configure:11651: g++ -v >&5
Using built-in specs.
COLLECT_GCC=g++
COLLECT_LTO_WRAPPER=/usr/libexec/gcc/x86_64-redhat-linux/4.8.5/lto-wrapper
Target: x86_64-redhat-linux
Configured with: ../configure --prefix=/usr --mandir=/usr/share/man --infodir=/usr/share/info --with-bugurl=http://bugzilla.redhat.com/bugzilla --enable-bootstrap --enable-shared --enable-threads=posix --enable-checking=release --with-system-zlib --enable-__cxa_atexit --disable-libunwind-exceptions --enable-gnu-unique-object --enable-linker-build-id --with-linker-hash-style=gnu --enable-languages=c,c++,objc,obj-c++,java,fortran,ada,go,lto --enable-plugin --enable-initfini-array --disable-libgcj --with-isl=/builddir/build/BUILD/gcc-4.8.5-20150702/obj-x86_64-redhat-linux/isl-install --with-cloog=/builddir/build/BUILD/gcc-4.8.5-20150702/obj-x86_64-redhat-linux/cloog-install --enable-gnu-indirect-function --with-tune=generic --with-arch_32=x86-64 --build=x86_64-redhat-linux
Thread model: posix
gcc version 4.8.5 20150623 (Red Hat 4.8.5-16) (GCC) 
configure:11662: $? = 0
configure:11651: g++ -V >&5
g++: error: unrecognized command line option '-V'
g++: fatal error: no input files
compilation terminated.
configure:11662: $? = 4
configure:11651: g++ -qversion >&5
g++: error: unrecognized command line option '-qversion'
g++: fatal error: no input files
compilation terminated.
configure:11662: $? = 4
configure:11666: checking whether we are using the GNU C++ compiler
configure:11685: g++ -c   conftest.cpp >&5
configure:11685: $? = 0
configure:11694: result: yes
configure:11703: checking whether g++ accepts -g
configure:11723: g++ -c -g  conftest.cpp >&5
configure:11723: $? = 0
configure:11764: result: yes
configure:11789: checking dependency style of g++
configure:11900: result: gcc3
configure:11933: checking how to run the C++ preprocessor
configure:11960: g++ -E  conftest.cpp
configure:11960: $? = 0
configure:11974: g++ -E  conftest.cpp
conftest.cpp:23:28: fatal error: ac_nonexistent.h: No such file or directory
 #include <ac_nonexistent.h>
                            ^
compilation terminated.
configure:11974: $? = 1
configure: failed program was:
| /* confdefs.h */
| #define PACKAGE_NAME "vagabond"
| #define PACKAGE_TARNAME "vagabond"
| #define PACKAGE_VERSION "0.0"
| #define PACKAGE_STRING "vagabond 0.0"
| #define PACKAGE_BUGREPORT "vagabond@hginn.co.uk"
| #define PACKAGE_URL ""
| #define PACKAGE "vagabond"
| #define VERSION "0.0"
| #define STDC_HEADERS 1
| #define HAVE_SYS_TYPES_H 1
| #define HAVE_SYS_STAT_H 1
| #define HAVE_STDLIB_H 1
| #define HAVE_STRING_H 1
| #define HAVE_MEMORY_H 1
| #define HAVE_STRINGS_H 1
| #define HAVE_INTTYPES_H 1
| #define HAVE_STDINT_H 1
| #define HAVE_UNISTD_H 1
| #define HAVE_DLFCN_H 1
| #define LT_OBJDIR ".libs/"
| /* end confdefs.h.  */
| #include <ac_nonexistent.h>
configure:11999: result: g++ -E
configure:12019: g++ -E  conftest.cpp
configure:12019: $? = 0
configure:12033: g++ -E  conftest.cpp
conftest.cpp:23:28: fatal error: ac_nonexistent.h: No such file or directory
 #include <ac_nonexistent.h>
                            ^
compilation terminated.
configure:12033: $? = 1
configure: failed program was:
| /* confdefs.h */
| #define PACKAGE_NAME "vagabond"
| #define PACKAGE_TARNAME "vagabond"
| #define PACKAGE_VERSION "0.0"
| #define PACKAGE_STRING "vagabond 0.0"
| #define PACKAGE_BUGREPORT "vagabond@hginn.co.uk"
| #define PACKAGE_URL ""
| #define PACKAGE "vagabond"
| #define VERSION "0.0"
| #define STDC_HEADERS 1
| #define HAVE_SYS_TYPES_H 1
| #define HAVE_SYS_STAT_H 1
| #define HAVE_STDLIB_H 1
| #define HAVE_STRING_H 1
| #define HAVE_MEMORY_H 1
| #define HAVE_STRINGS_H 1
| #define HAVE_INTTYPES_H 1
| #define HAVE_STDINT_H 1
| #define HAVE_UNISTD_H 1
| #define HAVE_DLFCN_H 1
| #define LT_OBJDIR ".libs/"
| /* end confdefs.h.  */
| #include <ac_nonexistent.h>
configure:12202: checking for ld used by g++
configure:12269: result: /usr/bin/ld -m elf_x86_64
configure:12276: checking if the linker (/usr/bin/ld -m elf_x86_64) is GNU ld
configure:12291: result: yes
configure:12346: checking whether the g++ linker (/usr/bin/ld -m elf_x86_64) supports shared libraries
configure:13351: result: yes
configure:13387: g++ -c -g -O2  conftest.cpp >&5
configure:13390: $? = 0
configure:13910: checking for g++ option to produce PIC
configure:13917: result: -fPIC -DPIC
configure:13925: checking if g++ PIC flag -fPIC -DPIC works
configure:13943: g++ -c -g -O2  -fPIC -DPIC -DPIC conftest.cpp >&5
configure:13947: $? = 0
configure:13960: result: yes
configure:13983: checking if g++ static flag -static works
configure:14011: result: no
configure:14023: checking if g++ supports -c -o file.o
configure:14044: g++ -c -g -O2  -o out/conftest2.o conftest.cpp >&5
configure:14048: $? = 0
configure:14070: result: yes
configure:14075: checking if g++ supports -c -o file.o
configure:14122: result: yes
configure:14152: checking whether the g++ linker (/usr/bin/ld -m elf_x86_64) supports shared libraries
configure:14188: result: yes
configure:14329: checking dynamic linker characteristics
configure:15000: result: GNU/Linux ld.so
configure:15053: checking how to hardcode library paths into programs
configure:15078: result: immediate
configure:15121: checking for png_read_info in -lpng
configure:15146: gcc -o conftest -g -O2   conftest.c -lpng   >&5
configure:15146: $? = 0
configure:15155: result: yes
configure:15173: checking fcntl.h usability
configure:15173: gcc -c -g -O2  conftest.c >&5
configure:15173: $? = 0
configure:15173: result: yes
configure:15173: checking fcntl.h presence
configure:15173: gcc -E  conftest.c
configure:15173: $? = 0
configure:15173: result: yes
configure:15173: checking for fcntl.h
configure:15173: result: yes
configure:15173: checking float.h usability
configure:15173: gcc -c -g -O2  conftest.c >&5
configure:15173: $? = 0
configure:15173: result: yes
configure:15173: checking float.h presence
configure:15173: gcc -E  conftest.c
configure:15173: $? = 0
configure:15173: result: yes
configure:15173: checking for float.h
configure:15173: result: yes
configure:15173: checking limits.h usability
configure:15173: gcc -c -g -O2  conftest.c >&5
configure:15173: $? = 0
configure:15173: result: yes
configure:15173: checking limits.h presence
configure:15173: gcc -E  conftest.c
configure:15173: $? = 0
configure:15173: result: yes
configure:15173: checking for limits.h
configure:15173: result: yes
configure:15173: checking malloc.h usability
configure:15173: gcc -c -g -O2  conftest.c >&5
configure:15173: $? = 0
configure:15173: result: yes
configure:15173: checking malloc.h presence
configure:15173: gcc -E  conftest.c
configure:15173: $? = 0
configure:15173: result: yes
configure:15173: checking for malloc.h
configure:15173: result: yes
configure:15173: checking stddef.h usability
configure:15173: gcc -c -g -O2  conftest.c >&5
configure:15173: $? = 0
configure:15173: result: yes
configure:15173: checking stddef.h presence
configure:15173: gcc -E  conftest.c
configure:15173: $? = 0
configure:15173: result: yes
configure:15173: checking for stddef.h
configure:15173: result: yes
configure:15173: checking for stdlib.h
configure:15173: result: yes
configure:15173: checking for string.h
configure:15173: result: yes
configure:15173: checking sys/file.h usability
configure:15173: gcc -c -g -O2  conftest.c >&5
configure:15173: $? = 0
configure:15173: result: yes
configure:15173: checking sys/file.h presence
configure:15173: gcc -E  conftest.c
configure:15173: $? = 0
configure:15173: result: yes
configure:15173: checking for sys/file.h
configure:15173: result: yes
configure:15173: checking for unistd.h
configure:15173: result: yes
configure:15185: checking for stdbool.h that conforms to C99
configure:15252: gcc -c -g -O2  conftest.c >&5
configure:15252: $? = 0
configure:15259: result: yes
configure:15261: checking for _Bool
configure:15261: gcc -c -g -O2  conftest.c >&5
configure:15261: $? = 0
configure:15261: gcc -c -g -O2  conftest.c >&5
conftest.c: In function 'main':
conftest.c:69:20: error: expected expression before ')' token
 if (sizeof ((_Bool)))
                    ^
configure:15261: $? = 1
configure: failed program was:
| /* confdefs.h */
| #define PACKAGE_NAME "vagabond"
| #define PACKAGE_TARNAME "vagabond"
| #define PACKAGE_VERSION "0.0"
| #define PACKAGE_STRING "vagabond 0.0"
| #define PACKAGE_BUGREPORT "vagabond@hginn.co.uk"
| #define PACKAGE_URL ""
| #define PACKAGE "vagabond"
| #define VERSION "0.0"
| #define STDC_HEADERS 1
| #define HAVE_SYS_TYPES_H 1
| #define HAVE_SYS_STAT_H 1
| #define HAVE_STDLIB_H 1
| #define HAVE_STRING_H 1
| #define HAVE_MEMORY_H 1
| #define HAVE_STRINGS_H 1
| #define HAVE_INTTYPES_H 1
| #define HAVE_STDINT_H 1
| #define HAVE_UNISTD_H 1
| #define HAVE_DLFCN_H 1
| #define LT_OBJDIR ".libs/"
| #define HAVE_LIBPNG 1
| #define HAVE_FCNTL_H 1
| #define HAVE_FLOAT_H 1
| #define HAVE_LIMITS_H 1
| #define HAVE_MALLOC_H 1
| #define HAVE_STDDEF_H 1
| #define HAVE_STDLIB_H 1
| #define HAVE_STRING_H 1
| #define HAVE_SYS_FILE_H 1
| #define HAVE_UNISTD_H 1
| /* end confdefs.h.  */
| #include <stdio.h>
| #ifdef HAVE_SYS_TYPES_H
| # include <sys/types.h>
| #endif
| #ifdef HAVE_SYS_STAT_H
| # include <sys/stat.h>
| #endif
| #ifdef STDC_HEADERS
| # include <stdlib.h>
| # include <stddef.h>
| #else
| # ifdef HAVE_STDLIB_H
| #  include <stdlib.h>
| # endif
| #endif
| #ifdef HAVE_STRING_H
| # if !defined STDC_HEADERS && defined HAVE_MEMORY_H
| #  include <memory.h>
| # endif
| # include <string.h>
| #endif
| #ifdef HAVE_STRINGS_H
| # include <strings.h>
| #endif
| #ifdef HAVE_INTTYPES_H
| # include <inttypes.h>
| #endif
| #ifdef HAVE_STDINT_H
| # include <stdint.h>
| #endif
| #ifdef HAVE_UNISTD_H
| # include <unistd.h>
| #endif
| int
| main ()
| {
| if (sizeof ((_Bool)))
| 	    return 0;
|   ;
|   return 0;
| }
configure:15261: result: yes
configure:15272: checking for inline
configure:15288: gcc -c -g -O2  conftest.c >&5
configure:15288: $? = 0
configure:15296: result: inline
configure:15314: checking for mode_t
configure:15314: gcc -c -g -O2  conftest.c >&5
configure:15314: $? = 0
configure:15314: gcc -c -g -O2  conftest.c >&5
conftest.c: In function 'main':
conftest.c:70:21: error: expected expression before ')' token
 if (sizeof ((mode_t)))
                     ^
configure:15314: $? = 1
configure: failed program was:
| /* confdefs.h */
| #define PACKAGE_NAME "vagabond"
| #define PACKAGE_TARNAME "vagabond"
| #define PACKAGE_VERSION "0.0"
| #define PACKAGE_STRING "vagabond 0.0"
| #define PACKAGE_BUGREPORT "vagabond@hginn.co.uk"
| #define PACKAGE_URL ""
| #define PACKAGE "vagabond"
| #define VERSION "0.0"
| #define STDC_HEADERS 1
| #define HAVE_SYS_TYPES_H 1
| #define HAVE_SYS_STAT_H 1
| #define HAVE_STDLIB_H 1
| #define HAVE_STRING_H 1
| #define HAVE_MEMORY_H 1
| #define HAVE_STRINGS_H 1
| #define HAVE_INTTYPES_H 1
| #define HAVE_STDINT_H 1
| #define HAVE_UNISTD_H 1
| #define HAVE_DLFCN_H 1
| #define LT_OBJDIR ".libs/"
| #define HAVE_LIBPNG 1
| #define HAVE_FCNTL_H 1
| #define HAVE_FLOAT_H 1
| #define HAVE_LIMITS_H 1
| #define HAVE_MALLOC_H 1
| #define HAVE_STDDEF_H 1
| #define HAVE_STDLIB_H 1
| #define HAVE_STRING_H 1
| #define HAVE_SYS_FILE_H 1
| #define HAVE_UNISTD_H 1
| #define HAVE__BOOL 1
| /* end confdefs.h.  */
| #include <stdio.h>
| #ifdef HAVE_SYS_TYPES_H
| # include <sys/types.h>
| #endif
| #ifdef HAVE_SYS_STAT_H
| # include <sys/stat.h>
| #endif
| #ifdef STDC_HEADERS
| # include <stdlib.h>
| # include <stddef.h>
| #else
| # ifdef HAVE_STDLIB_H
| #  include <stdlib.h>
| # endif
| #endif
| #ifdef HAVE_STRING_H
| # if !defined STDC_HEADERS && defined HAVE_MEMORY_H
| #  include <memory.h>
| # endif
| # include <string.h>
| #endif
| #ifdef HAVE_STRINGS_H
| # include <strings.h>
| #endif
| #ifdef HAVE_INTTYPES_H
| # include <inttypes.h>
| #endif
| #ifdef HAVE_STDINT_H
| # include <stdint.h>
| #endif
| #ifdef HAVE_UNISTD_H
| # include <unistd.h>
| #endif
| int
| main ()
| {
| if (sizeof ((mode_t)))
| 	    return 0;
|   ;
|   return 0;
| }
configure:15314: result: yes
configure:15325: checking for off_t
configure:15325: gcc -c -g -O2  conftest.c >&5
configure:15325: $? = 0
configure:15325: gcc -c -g -O2  conftest.c >&5
conftest.c: In function 'main':
conftest.c:70:20: error: expected expression before ')' token
 if (sizeof ((off_t)))
                    ^
configure:15325: $? = 1
configure: failed program was:
| /* confdefs.h */
| #define PACKAGE_NAME "vagabond"
| #define PACKAGE_TARNAME "vagabond"
| #define PACKAGE_VERSION "0.0"
| #define PACKAGE_STRING "vagabond 0.0"
| #define PACKAGE_BUGREPORT "vagabond@hginn.co.uk"
| #define PACKAGE_URL ""
| #define PACKAGE "vagabond"
| #define VERSION "0.0"
| #define STDC_HEADERS 1
| #define HAVE_SYS_TYPES_H 1
| #define HAVE_SYS_STAT_H 1
| #define HAVE_STDLIB_H 1
| #define HAVE_STRING_H 1
| #define HAVE_MEMORY_H 1
| #define HAVE_STRINGS_H 1
| #define HAVE_INTTYPES_H 1
| #define HAVE_STDINT_H 1
| #define HAVE_UNISTD_H 1
| #define HAVE_DLFCN_H 1
| #define LT_OBJDIR ".libs/"
| #define HAVE_LIBPNG 1
| #define HAVE_FCNTL_H 1
| #define HAVE_FLOAT_H 1
| #define HAVE_LIMITS_H 1
| #define HAVE_MALLOC_H 1
| #define HAVE_STDDEF_H 1
| #define HAVE_STDLIB_H 1
| #define HAVE_STRING_H 1
| #define HAVE_SYS_FILE_H 1
| #define HAVE_UNISTD_H 1
| #define HAVE__BOOL 1
| /* end confdefs.h.  */
| #include <stdio.h>
| #ifdef HAVE_SYS_TYPES_H
| # include <sys/types.h>
| #endif
| #ifdef HAVE_SYS_STAT_H
| # include <sys/stat.h>
| #endif
| #ifdef STDC_HEADERS
| # include <stdlib.h>
| # include <stddef.h>
| #else
| # ifdef HAVE_STDLIB_H
| #  include <stdlib.h>
| # endif
| #endif
| #ifdef HAVE_STRING_H
| # if !defined STDC_HEADERS && defined HAVE_MEMORY_H
| #  include <memory.h>
| # endif
| # include <string.h>
| #endif
| #ifdef HAVE_STRINGS_H
| # include <strings.h>
| #endif
| #ifdef HAVE_INTTYPES_H
| # include <inttypes.h>
| #endif
| #ifdef HAVE_STDINT_H
| # include <stdint.h>
| #endif
| #ifdef HAVE_UNISTD_H
| # include <unistd.h>
| #endif
| int
| main ()
| {
| if (sizeof ((off_t)))
| 	    return 0;
|   ;
|   return 0;
| }
configure:15325: result: yes
configure:15336: checking for size_t
configure:15336: gcc -c -g -O2  conftest.c >&5
configure:15336: $? = 0
configure:15336: gcc -c -g -O2  conftest.c >&5
conftest.c: In function 'main':
conftest.c:70:21: error: expected expression before ')' token
 if (sizeof ((size_t)))
                     ^
configure:15336: $? = 1
configure: failed program was:
| /* confdefs.h */
| #define PACKAGE_NAME "vagabond"
| #define PACKAGE_TARNAME "vagabond"
| #define PACKAGE_VERSION "0.0"
| #define PACKAGE_STRING "vagabond 0.0"
| #define PACKAGE_BUGREPORT "vagabond@hginn.co.uk"
| #define PACKAGE_URL ""
| #define PACKAGE "vagabond"
| #define VERSION "0.0"
| #define STDC_HEADERS 1
| #define HAVE_SYS_TYPES_H 1
| #define HAVE_SYS_STAT_H 1
| #define HAVE_STDLIB_H 1
| #define HAVE_STRING_H 1
| #define HAVE_MEMORY_H 1
| #define HAVE_STRINGS_H 1
| #define HAVE_INTTYPES_H 1
| #define HAVE_STDINT_H 1
| #define HAVE_UNISTD_H 1
| #define HAVE_DLFCN_H 1
| #define LT_OBJDIR ".libs/"
| #define HAVE_LIBPNG 1
| #define HAVE_FCNTL_H 1
| #define HAVE_FLOAT_H 1
| #define HAVE_LIMITS_H 1
| #define HAVE_MALLOC_H 1
| #define HAVE_STDDEF_H 1
| #define HAVE_STDLIB_H 1
| #define HAVE_STRING_H 1
| #define HAVE_SYS_FILE_H 1
| #define HAVE_UNISTD_H 1
| #define HAVE__BOOL 1
| /* end confdefs.h.  */
| #include <stdio.h>
| #ifdef HAVE_SYS_TYPES_H
| # include <sys/types.h>
| #endif
| #ifdef HAVE_SYS_STAT_H
| # include <sys/stat.h>
| #endif
| #ifdef STDC_HEADERS
| # include <stdlib.h>
| # include <stddef.h>
| #else
| # ifdef HAVE_STDLIB_H
| #  include <stdlib.h>
| # endif
| #endif
| #ifdef HAVE_STRING_H
| # if !defined STDC_HEADERS && defined HAVE_MEMORY_H
| #  include <memory.h>
| # endif
| # include <string.h>
| #endif
| #ifdef HAVE_STRINGS_H
| # include <strings.h>
| #endif
| #ifdef HAVE_INTTYPES_H
| # include <inttypes.h>
| #endif
| #ifdef HAVE_STDINT_H
| # include <stdint.h>
| #endif
| #ifdef HAVE_UNISTD_H
| # include <unistd.h>
| #endif
| int
| main ()
| {
| if (sizeof ((size_t)))
| 	    return 0;
|   ;
|   return 0;
| }
configure:15336: result: yes
configure:15351: checking for working alloca.h
configure:15368: gcc -o conftest -g -O2   conftest.c -lpng  >&5
configure:15368: $? = 0
configure:15376: result: yes
configure:15384: checking for alloca
configure:15421: gcc -o conftest -g -O2   conftest.c -lpng  >&5
configure:15421: $? = 0
configure:15429: result: yes
configure:15537: checking for stdlib.h
configure:15537: result: yes
configure:15547: checking for GNU libc compatible malloc
configure:15571: gcc -o conftest -g -O2   conftest.c -lpng  >&5
configure:15571: $? = 0
configure:15571: ./conftest
configure:15571: $? = 0
configure:15581: result: yes
configure:15604: checking for stdlib.h
configure:15604: result: yes
configure:15614: checking for GNU libc compatible realloc
configure:15638: gcc -o conftest -g -O2   conftest.c -lpng  >&5
configure:15638: $? = 0
configure:15638: ./conftest
configure:15638: $? = 0
configure:15648: result: yes
configure:15669: checking for working strtod
configure:15710: gcc -o conftest -g -O2   conftest.c -lpng  >&5
configure:15710: $? = 0
configure:15710: ./conftest
configure:15710: $? = 0
configure:15720: result: yes
configure:15785: checking for floor
configure:15785: gcc -o conftest -g -O2   conftest.c -lpng  >&5
conftest.c:63:6: warning: conflicting types for built-in function 'floor' [enabled by default]
 char floor ();
      ^
/usr/bin/ld: /tmp/ccj9K7u5.o: undefined reference to symbol 'floor@@GLIBC_2.2.5'
/usr/lib64/libm.so.6: error adding symbols: DSO missing from command line
collect2: error: ld returned 1 exit status
configure:15785: $? = 1
configure: failed program was:
| /* confdefs.h */
| #define PACKAGE_NAME "vagabond"
| #define PACKAGE_TARNAME "vagabond"
| #define PACKAGE_VERSION "0.0"
| #define PACKAGE_STRING "vagabond 0.0"
| #define PACKAGE_BUGREPORT "vagabond@hginn.co.uk"
| #define PACKAGE_URL ""
| #define PACKAGE "vagabond"
| #define VERSION "0.0"
| #define STDC_HEADERS 1
| #define HAVE_SYS_TYPES_H 1
| #define HAVE_SYS_STAT_H 1
| #define HAVE_STDLIB_H 1
| #define HAVE_STRING_H 1
| #define HAVE_MEMORY_H 1
| #define HAVE_STRINGS_H 1
| #define HAVE_INTTYPES_H 1
| #define HAVE_STDINT_H 1
| #define HAVE_UNISTD_H 1
| #define HAVE_DLFCN_H 1
| #define LT_OBJDIR ".libs/"
| #define HAVE_LIBPNG 1
| #define HAVE_FCNTL_H 1
| #define HAVE_FLOAT_H 1
| #define HAVE_LIMITS_H 1
| #define HAVE_MALLOC_H 1
| #define HAVE_STDDEF_H 1
| #define HAVE_STDLIB_H 1
| #define HAVE_STRING_H 1
| #define HAVE_SYS_FILE_H 1
| #define HAVE_UNISTD_H 1
| #define HAVE__BOOL 1
| #define HAVE_ALLOCA_H 1
| #define HAVE_ALLOCA 1
| #define HAVE_STDLIB_H 1
| #define HAVE_MALLOC 1
| #define HAVE_STDLIB_H 1
| #define HAVE_REALLOC 1
| /* end confdefs.h.  */
| /* Define floor to an innocuous variant, in case <limits.h> declares floor.
|    For example, HP-UX 11i <limits.h> declares gettimeofday.  */
| #define floor innocuous_floor
| 
| /* System header to define __stub macros and hopefully few prototypes,
|     which can conflict with char floor (); below.
|     Prefer <limits.h> to <assert.h> if __STDC__ is defined, since
|     <limits.h> exists even on freestanding compilers.  */
| 
| #ifdef __STDC__
| # include <limits.h>
| #else
| # include <assert.h>
| #endif
| 
| #undef floor
| 
| /* Override any GCC internal prototype to avoid an error.
|    Use char because int might match the return type of a GCC
|    builtin and then its argument prototype would still apply.  */
| #ifdef __cplusplus
| extern "C"
| #endif
| char floor ();
| /* The GNU C library defines this for functions which it implements
|     to always fail with ENOSYS.  Some functions are actually named
|     something starting with __ and the normal name is an alias.  */
| #if defined __stub_floor || defined __stub___floor
| choke me
| #endif
| 
| int
| main ()
| {
| return floor ();
|   ;
|   return 0;
| }
configure:15785: result: no
configure:15785: checking for getcwd
configure:15785: gcc -o conftest -g -O2   conftest.c -lpng  >&5
configure:15785: $? = 0
configure:15785: result: yes
configure:15785: checking for memmove
configure:15785: gcc -o conftest -g -O2   conftest.c -lpng  >&5
conftest.c:64:6: warning: conflicting types for built-in function 'memmove' [enabled by default]
 char memmove ();
      ^
configure:15785: $? = 0
configure:15785: result: yes
configure:15785: checking for memset
configure:15785: gcc -o conftest -g -O2   conftest.c -lpng  >&5
conftest.c:65:6: warning: conflicting types for built-in function 'memset' [enabled by default]
 char memset ();
      ^
configure:15785: $? = 0
configure:15785: result: yes
configure:15785: checking for mkdir
configure:15785: gcc -o conftest -g -O2   conftest.c -lpng  >&5
configure:15785: $? = 0
configure:15785: result: yes
configure:15785: checking for pow
configure:15785: gcc -o conftest -g -O2   conftest.c -lpng  >&5
conftest.c:67:6: warning: conflicting types for built-in function 'pow' [enabled by default]
 char pow ();
      ^
/usr/bin/ld: /tmp/cc4d6bJl.o: undefined reference to symbol 'pow@@GLIBC_2.2.5'
/usr/lib64/libm.so.6: error adding symbols: DSO missing from command line
collect2: error: ld returned 1 exit status
configure:15785: $? = 1
configure: failed program was:
| /* confdefs.h */
| #define PACKAGE_NAME "vagabond"
| #define PACKAGE_TARNAME "vagabond"
| #define PACKAGE_VERSION "0.0"
| #define PACKAGE_STRING "vagabond 0.0"
| #define PACKAGE_BUGREPORT "vagabond@hginn.co.uk"
| #define PACKAGE_URL ""
| #define PACKAGE "vagabond"
| #define VERSION "0.0"
| #define STDC_HEADERS 1
| #define HAVE_SYS_TYPES_H 1
| #define HAVE_SYS_STAT_H 1
| #define HAVE_STDLIB_H 1
| #define HAVE_STRING_H 1
| #define HAVE_MEMORY_H 1
| #define HAVE_STRINGS_H 1
| #define HAVE_INTTYPES_H 1
| #define HAVE_STDINT_H 1
| #define HAVE_UNISTD_H 1
| #define HAVE_DLFCN_H 1
| #define LT_OBJDIR ".libs/"
| #define HAVE_LIBPNG 1
| #define HAVE_FCNTL_H 1
| #define HAVE_FLOAT_H 1
| #define HAVE_LIMITS_H 1
| #define HAVE_MALLOC_H 1
| #define HAVE_STDDEF_H 1
| #define HAVE_STDLIB_H 1
| #define HAVE_STRING_H 1
| #define HAVE_SYS_FILE_H 1
| #define HAVE_UNISTD_H 1
| #define HAVE__BOOL 1
| #define HAVE_ALLOCA_H 1
| #define HAVE_ALLOCA 1
| #define HAVE_STDLIB_H 1
| #define HAVE_MALLOC 1
| #define HAVE_STDLIB_H 1
| #define HAVE_REALLOC 1
| #define HAVE_GETCWD 1
| #define HAVE_MEMMOVE 1
| #define HAVE_MEMSET 1
| #define HAVE_MKDIR 1
| /* end confdefs.h.  */
| /* Define pow to an innocuous variant, in case <limits.h> declares pow.
|    For example, HP-UX 11i <limits.h> declares gettimeofday.  */
| #define pow innocuous_pow
| 
| /* System header to define __stub macros and hopefully few prototypes,
|     which can conflict with char pow (); below.
|     Prefer <limits.h> to <assert.h> if __STDC__ is defined, since
|     <limits.h> exists even on freestanding compilers.  */
| 
| #ifdef __STDC__
| # include <limits.h>
| #else
| # include <assert.h>
| #endif
| 
| #undef pow
| 
| /* Override any GCC internal prototype to avoid an error.
|    Use char because int might match the return type of a GCC
|    builtin and then its argument prototype would still apply.  */
| #ifdef __cplusplus
| extern "C"
| #endif
| char pow ();
| /* The GNU C library defines this for functions which it implements
|     to always fail with ENOSYS.  Some functions are actually named
|     something starting with __ and the normal name is an alias.  */
| #if defined __stub_pow || defined __stub___pow
| choke me
| #endif
| 
| int
| main ()
| {
| return pow ();
|   ;
|   return 0;
| }
configure:15785: result: no
configure:15785: checking for putenv
configure:15785: gcc -o conftest -g -O2   conftest.c -lpng  >&5
configure:15785: $? = 0
configure:15785: result: yes
configure:15785: checking for rint
configure:15785: gcc -o conftest -g -O2   conftest.c -lpng  >&5
conftest.c:68:6: warning: conflicting types for built-in function 'rint' [enabled by default]
 char rint ();
      ^
/usr/bin/ld: /tmp/ccjo34Pq.o: undefined reference to symbol 'rint@@GLIBC_2.2.5'
/usr/lib64/libm.so.6: error adding symbols: DSO missing from command line
collect2: error: ld returned 1 exit status
configure:15785: $? = 1
configure: failed program was:
| /* confdefs.h */
| #define PACKAGE_NAME "vagabond"
| #define PACKAGE_TARNAME "vagabond"
| #define PACKAGE_VERSION "0.0"
| #define PACKAGE_STRING "vagabond 0.0"
| #define PACKAGE_BUGREPORT "vagabond@hginn.co.uk"
| #define PACKAGE_URL ""
| #define PACKAGE "vagabond"
| #define VERSION "0.0"
| #define STDC_HEADERS 1
| #define HAVE_SYS_TYPES_H 1
| #define HAVE_SYS_STAT_H 1
| #define HAVE_STDLIB_H 1
| #define HAVE_STRING_H 1
| #define HAVE_MEMORY_H 1
| #define HAVE_STRINGS_H 1
| #define HAVE_INTTYPES_H 1
| #define HAVE_STDINT_H 1
| #define HAVE_UNISTD_H 1
| #define HAVE_DLFCN_H 1
| #define LT_OBJDIR ".libs/"
| #define HAVE_LIBPNG 1
| #define HAVE_FCNTL_H 1
| #define HAVE_FLOAT_H 1
| #define HAVE_LIMITS_H 1
| #define HAVE_MALLOC_H 1
| #define HAVE_STDDEF_H 1
| #define HAVE_STDLIB_H 1
| #define HAVE_STRING_H 1
| #define HAVE_SYS_FILE_H 1
| #define HAVE_UNISTD_H 1
| #define HAVE__BOOL 1
| #define HAVE_ALLOCA_H 1
| #define HAVE_ALLOCA 1
| #define HAVE_STDLIB_H 1
| #define HAVE_MALLOC 1
| #define HAVE_STDLIB_H 1
| #define HAVE_REALLOC 1
| #define HAVE_GETCWD 1
| #define HAVE_MEMMOVE 1
| #define HAVE_MEMSET 1
| #define HAVE_MKDIR 1
| #define HAVE_PUTENV 1
| /* end confdefs.h.  */
| /* Define rint to an innocuous variant, in case <limits.h> declares rint.
|    For example, HP-UX 11i <limits.h> declares gettimeofday.  */
| #define rint innocuous_rint
| 
| /* System header to define __stub macros and hopefully few prototypes,
|     which can conflict with char rint (); below.
|     Prefer <limits.h> to <assert.h> if __STDC__ is defined, since
|     <limits.h> exists even on freestanding compilers.  */
| 
| #ifdef __STDC__
| # include <limits.h>
| #else
| # include <assert.h>
| #endif
| 
| #undef rint
| 
| /* Override any GCC internal prototype to avoid an error.
|    Use char because int might match the return type of a GCC
|    builtin and then its argument prototype would still apply.  */
| #ifdef __cplusplus
| extern "C"
| #endif
| char rint ();
| /* The GNU C library defines this for functions which it implements
|     to always fail with ENOSYS.  Some functions are actually named
|     something starting with __ and the normal name is an alias.  */
| #if defined __stub_rint || defined __stub___rint
| choke me
| #endif
| 
| int
| main ()
| {
| return rint ();
|   ;
|   return 0;
| }
configure:15785: result: no
configure:15785: checking for setenv
configure:15785: gcc -o conftest -g -O2   conftest.c -lpng  >&5
configure:15785: $? = 0
configure:15785: result: yes
configure:15785: checking for sqrt
configure:15785: gcc -o conftest -g -O2   conftest.c -lpng  >&5
conftest.c:69:6: warning: conflicting types for built-in function 'sqrt' [enabled by default]
 char sqrt ();
      ^
/usr/bin/ld: /tmp/ccYMQUbw.o: undefined reference to symbol 'sqrt@@GLIBC_2.2.5'
/usr/lib64/libm.so.6: error adding symbols: DSO missing from command line
collect2: error: ld returned 1 exit status
configure:15785: $? = 1
configure: failed program was:
| /* confdefs.h */
| #define PACKAGE_NAME "vagabond"
| #define PACKAGE_TARNAME "vagabond"
| #define PACKAGE_VERSION "0.0"
| #define PACKAGE_STRING "vagabond 0.0"
| #define PACKAGE_BUGREPORT "vagabond@hginn.co.uk"
| #define PACKAGE_URL ""
| #define PACKAGE "vagabond"
| #define VERSION "0.0"
| #define STDC_HEADERS 1
| #define HAVE_SYS_TYPES_H 1
| #define HAVE_SYS_STAT_H 1
| #define HAVE_STDLIB_H 1
| #define HAVE_STRING_H 1
| #define HAVE_MEMORY_H 1
| #define HAVE_STRINGS_H 1
| #define HAVE_INTTYPES_H 1
| #define HAVE_STDINT_H 1
| #define HAVE_UNISTD_H 1
| #define HAVE_DLFCN_H 1
| #define LT_OBJDIR ".libs/"
| #define HAVE_LIBPNG 1
| #define HAVE_FCNTL_H 1
| #define HAVE_FLOAT_H 1
| #define HAVE_LIMITS_H 1
| #define HAVE_MALLOC_H 1
| #define HAVE_STDDEF_H 1
| #define HAVE_STDLIB_H 1
| #define HAVE_STRING_H 1
| #define HAVE_SYS_FILE_H 1
| #define HAVE_UNISTD_H 1
| #define HAVE__BOOL 1
| #define HAVE_ALLOCA_H 1
| #define HAVE_ALLOCA 1
| #define HAVE_STDLIB_H 1
| #define HAVE_MALLOC 1
| #define HAVE_STDLIB_H 1
| #define HAVE_REALLOC 1
| #define HAVE_GETCWD 1
| #define HAVE_MEMMOVE 1
| #define HAVE_MEMSET 1
| #define HAVE_MKDIR 1
| #define HAVE_PUTENV 1
| #define HAVE_SETENV 1
| /* end confdefs.h.  */
| /* Define sqrt to an innocuous variant, in case <limits.h> declares sqrt.
|    For example, HP-UX 11i <limits.h> declares gettimeofday.  */
| #define sqrt innocuous_sqrt
| 
| /* System header to define __stub macros and hopefully few prototypes,
|     which can conflict with char sqrt (); below.
|     Prefer <limits.h> to <assert.h> if __STDC__ is defined, since
|     <limits.h> exists even on freestanding compilers.  */
| 
| #ifdef __STDC__
| # include <limits.h>
| #else
| # include <assert.h>
| #endif
| 
| #undef sqrt
| 
| /* Override any GCC internal prototype to avoid an error.
|    Use char because int might match the return type of a GCC
|    builtin and then its argument prototype would still apply.  */
| #ifdef __cplusplus
| extern "C"
| #endif
| char sqrt ();
| /* The GNU C library defines this for functions which it implements
|     to always fail with ENOSYS.  Some functions are actually named
|     something starting with __ and the normal name is an alias.  */
| #if defined __stub_sqrt || defined __stub___sqrt
| choke me
| #endif
| 
| int
| main ()
| {
| return sqrt ();
|   ;
|   return 0;
| }
configure:15785: result: no
configure:15785: checking for strchr
configure:15785: gcc -o conftest -g -O2   conftest.c -lpng  >&5
conftest.c:69:6: warning: conflicting types for built-in function 'strchr' [enabled by default]
 char strchr ();
      ^
configure:15785: $? = 0
configure:15785: result: yes
configure:15785: checking for strdup
configure:15785: gcc -o conftest -g -O2   conftest.c -lpng  >&5
conftest.c:70:6: warning: conflicting types for built-in function 'strdup' [enabled by default]
 char strdup ();
      ^
configure:15785: $? = 0
configure:15785: result: yes
configure:15785: checking for strerror
configure:15785: gcc -o conftest -g -O2   conftest.c -lpng  >&5
configure:15785: $? = 0
configure:15785: result: yes
configure:15785: checking for strrchr
configure:15785: gcc -o conftest -g -O2   conftest.c -lpng  >&5
conftest.c:72:6: warning: conflicting types for built-in function 'strrchr' [enabled by default]
 char strrchr ();
      ^
configure:15785: $? = 0
configure:15785: result: yes
configure:15785: checking for strstr
configure:15785: gcc -o conftest -g -O2   conftest.c -lpng  >&5
conftest.c:73:6: warning: conflicting types for built-in function 'strstr' [enabled by default]
 char strstr ();
      ^
configure:15785: $? = 0
configure:15785: result: yes
configure:15947: checking that generated files are newer than configure
configure:15953: result: done
configure:15980: creating ./config.status

## ---------------------- ##
## Running config.status. ##
## ---------------------- ##

This file was extended by vagabond config.status 0.0, which was
generated by GNU Autoconf 2.69.  Invocation command line was

  CONFIG_FILES    = 
  CONFIG_HEADERS  = 
  CONFIG_LINKS    = 
  CONFIG_COMMANDS = 
  $ ./config.status 

on DESKTOP-TBR3SDA

config.status:1076: creating Makefile
config.status:1076: creating libinfo/Makefile
config.status:1076: creating libccp4/Makefile
config.status:1076: creating libica/Makefile
config.status:1076: creating libsrc/Makefile
config.status:1248: executing depfiles commands
config.status:1248: executing libtool commands
configure:18352: === configuring in libfftw (/home/ginn/vagabond/vagabond/libfftw)
configure:18415: running /bin/sh ./configure --disable-option-checking '--prefix=/usr/local'  '--with-combined-threads' '--enable-float' '--enable-threads' --cache-file=/dev/null --srcdir=.

## ---------------- ##
## Cache variables. ##
## ---------------- ##

ac_cv_build=x86_64-unknown-linux-gnu
ac_cv_c_compiler_gnu=yes
ac_cv_c_inline=inline
ac_cv_cxx_compiler_gnu=yes
ac_cv_env_CCC_set=
ac_cv_env_CCC_value=
ac_cv_env_CC_set=
ac_cv_env_CC_value=
ac_cv_env_CFLAGS_set=
ac_cv_env_CFLAGS_value=
ac_cv_env_CPPFLAGS_set=
ac_cv_env_CPPFLAGS_value=
ac_cv_env_CPP_set=
ac_cv_env_CPP_value=
ac_cv_env_CXXCPP_set=
ac_cv_env_CXXCPP_value=
ac_cv_env_CXXFLAGS_set=
ac_cv_env_CXXFLAGS_value=
ac_cv_env_CXX_set=
ac_cv_env_CXX_value=
ac_cv_env_LDFLAGS_set=
ac_cv_env_LDFLAGS_value=
ac_cv_env_LIBS_set=
ac_cv_env_LIBS_value=
ac_cv_env_build_alias_set=
ac_cv_env_build_alias_value=
ac_cv_env_host_alias_set=
ac_cv_env_host_alias_value=
ac_cv_env_target_alias_set=
ac_cv_env_target_alias_value=
ac_cv_func_alloca_works=yes
ac_cv_func_floor=no
ac_cv_func_getcwd=yes
ac_cv_func_malloc_0_nonnull=yes
ac_cv_func_memmove=yes
ac_cv_func_memset=yes
ac_cv_func_mkdir=yes
ac_cv_func_pow=no
ac_cv_func_putenv=yes
ac_cv_func_realloc_0_nonnull=yes
ac_cv_func_rint=no
ac_cv_func_setenv=yes
ac_cv_func_sqrt=no
ac_cv_func_strchr=yes
ac_cv_func_strdup=yes
ac_cv_func_strerror=yes
ac_cv_func_strrchr=yes
ac_cv_func_strstr=yes
ac_cv_func_strtod=yes
ac_cv_header_dlfcn_h=yes
ac_cv_header_fcntl_h=yes
ac_cv_header_float_h=yes
ac_cv_header_inttypes_h=yes
ac_cv_header_limits_h=yes
ac_cv_header_malloc_h=yes
ac_cv_header_memory_h=yes
ac_cv_header_stdbool_h=yes
ac_cv_header_stdc=yes
ac_cv_header_stddef_h=yes
ac_cv_header_stdint_h=yes
ac_cv_header_stdlib_h=yes
ac_cv_header_string_h=yes
ac_cv_header_strings_h=yes
ac_cv_header_sys_file_h=yes
ac_cv_header_sys_stat_h=yes
ac_cv_header_sys_types_h=yes
ac_cv_header_unistd_h=yes
ac_cv_host=x86_64-unknown-linux-gnu
ac_cv_lib_png_png_read_info=yes
ac_cv_objext=o
ac_cv_path_EGREP='/usr/bin/grep -E'
ac_cv_path_FGREP='/usr/bin/grep -F'
ac_cv_path_GREP=/usr/bin/grep
ac_cv_path_SED=/usr/bin/sed
ac_cv_path_install='/usr/bin/install -c'
ac_cv_path_mkdir=/usr/bin/mkdir
ac_cv_prog_AWK=gawk
ac_cv_prog_CPP='gcc -E'
ac_cv_prog_CXXCPP='g++ -E'
ac_cv_prog_ac_ct_AR=ar
ac_cv_prog_ac_ct_CC=gcc
ac_cv_prog_ac_ct_CXX=g++
ac_cv_prog_ac_ct_OBJDUMP=objdump
ac_cv_prog_ac_ct_RANLIB=ranlib
ac_cv_prog_ac_ct_STRIP=strip
ac_cv_prog_cc_c89=
ac_cv_prog_cc_g=yes
ac_cv_prog_cxx_g=yes
ac_cv_prog_make_make_set=yes
ac_cv_type__Bool=yes
ac_cv_type_mode_t=yes
ac_cv_type_off_t=yes
ac_cv_type_size_t=yes
ac_cv_working_alloca_h=yes
am_cv_CC_dependencies_compiler_type=gcc3
am_cv_CXX_dependencies_compiler_type=gcc3
am_cv_make_support_nested_variables=yes
lt_cv_ar_at_file=@
lt_cv_archive_cmds_need_lc=no
lt_cv_deplibs_check_method=pass_all
lt_cv_file_magic_cmd='$MAGIC_CMD'
lt_cv_file_magic_test_file=
lt_cv_ld_reload_flag=-r
lt_cv_nm_interface='BSD nm'
lt_cv_objdir=.libs
lt_cv_path_LD=/usr/bin/ld
lt_cv_path_LDCXX='/usr/bin/ld -m elf_x86_64'
lt_cv_path_NM='/usr/bin/nm -B'
lt_cv_path_mainfest_tool=no
lt_cv_prog_compiler_c_o=yes
lt_cv_prog_compiler_c_o_CXX=yes
lt_cv_prog_compiler_pic='-fPIC -DPIC'
lt_cv_prog_compiler_pic_CXX='-fPIC -DPIC'
lt_cv_prog_compiler_pic_works=yes
lt_cv_prog_compiler_pic_works_CXX=yes
lt_cv_prog_compiler_rtti_exceptions=no
lt_cv_prog_compiler_static_works=no
lt_cv_prog_compiler_static_works_CXX=no
lt_cv_prog_gnu_ld=yes
lt_cv_prog_gnu_ldcxx=yes
lt_cv_sharedlib_from_linklib_cmd='printf %s\n'
lt_cv_shlibpath_overrides_runpath=no
lt_cv_sys_global_symbol_pipe='sed -n -e '\''s/^.*[	 ]\([ABCDGIRSTW][ABCDGIRSTW]*\)[	 ][	 ]*\([_A-Za-z][_A-Za-z0-9]*\)$/\1 \2 \2/p'\'' | sed '\''/ __gnu_lto/d'\'''
lt_cv_sys_global_symbol_to_c_name_address='sed -n -e '\''s/^: \([^ ]*\)[ ]*$/  {\"\1\", (void *) 0},/p'\'' -e '\''s/^[ABCDGIRSTW]* \([^ ]*\) \([^ ]*\)$/  {"\2", (void *) \&\2},/p'\'''
lt_cv_sys_global_symbol_to_c_name_address_lib_prefix='sed -n -e '\''s/^: \([^ ]*\)[ ]*$/  {\"\1\", (void *) 0},/p'\'' -e '\''s/^[ABCDGIRSTW]* \([^ ]*\) \(lib[^ ]*\)$/  {"\2", (void *) \&\2},/p'\'' -e '\''s/^[ABCDGIRSTW]* \([^ ]*\) \([^ ]*\)$/  {"lib\2", (void *) \&\2},/p'\'''
lt_cv_sys_global_symbol_to_cdecl='sed -n -e '\''s/^T .* \(.*\)$/extern int \1();/p'\'' -e '\''s/^[ABCDGIRSTW]* .* \(.*\)$/extern char \1;/p'\'''
lt_cv_sys_max_cmd_len=1572864
lt_cv_to_host_file_cmd=func_convert_file_noop
lt_cv_to_tool_file_cmd=func_convert_file_noop

## ----------------- ##
## Output variables. ##
## ----------------- ##

ACLOCAL='${SHELL} /home/ginn/vagabond/vagabond/missing aclocal-1.13'
ALLOCA=''
AMDEPBACKSLASH='\'
AMDEP_FALSE='#'
AMDEP_TRUE=''
AMTAR='$${TAR-tar}'
AM_BACKSLASH='\'
AM_DEFAULT_V='$(AM_DEFAULT_VERBOSITY)'
AM_DEFAULT_VERBOSITY='1'
AM_V='$(V)'
AR='ar'
AUTOCONF='${SHELL} /home/ginn/vagabond/vagabond/missing autoconf'
AUTOHEADER='${SHELL} /home/ginn/vagabond/vagabond/missing autoheader'
AUTOMAKE='${SHELL} /home/ginn/vagabond/vagabond/missing automake-1.13'
AWK='gawk'
CC='gcc'
CCDEPMODE='depmode=gcc3'
CFLAGS='-g -O2'
CPP='gcc -E'
CPPFLAGS=''
CXX='g++'
CXXCPP='g++ -E'
CXXDEPMODE='depmode=gcc3'
CXXFLAGS='-g -O2'
CYGPATH_W='echo'
DEFS='-DPACKAGE_NAME=\"vagabond\" -DPACKAGE_TARNAME=\"vagabond\" -DPACKAGE_VERSION=\"0.0\" -DPACKAGE_STRING=\"vagabond\ 0.0\" -DPACKAGE_BUGREPORT=\"vagabond@hginn.co.uk\" -DPACKAGE_URL=\"\" -DPACKAGE=\"vagabond\" -DVERSION=\"0.0\" -DSTDC_HEADERS=1 -DHAVE_SYS_TYPES_H=1 -DHAVE_SYS_STAT_H=1 -DHAVE_STDLIB_H=1 -DHAVE_STRING_H=1 -DHAVE_MEMORY_H=1 -DHAVE_STRINGS_H=1 -DHAVE_INTTYPES_H=1 -DHAVE_STDINT_H=1 -DHAVE_UNISTD_H=1 -DHAVE_DLFCN_H=1 -DLT_OBJDIR=\".libs/\" -DHAVE_LIBPNG=1 -DHAVE_FCNTL_H=1 -DHAVE_FLOAT_H=1 -DHAVE_LIMITS_H=1 -DHAVE_MALLOC_H=1 -DHAVE_STDDEF_H=1 -DHAVE_STDLIB_H=1 -DHAVE_STRING_H=1 -DHAVE_SYS_FILE_H=1 -DHAVE_UNISTD_H=1 -DHAVE__BOOL=1 -DHAVE_ALLOCA_H=1 -DHAVE_ALLOCA=1 -DHAVE_STDLIB_H=1 -DHAVE_MALLOC=1 -DHAVE_STDLIB_H=1 -DHAVE_REALLOC=1 -DHAVE_GETCWD=1 -DHAVE_MEMMOVE=1 -DHAVE_MEMSET=1 -DHAVE_MKDIR=1 -DHAVE_PUTENV=1 -DHAVE_SETENV=1 -DHAVE_STRCHR=1 -DHAVE_STRDUP=1 -DHAVE_STRERROR=1 -DHAVE_STRRCHR=1 -DHAVE_STRSTR=1'
DEPDIR='.deps'
DLLTOOL='false'
DSYMUTIL=''
DUMPBIN=''
ECHO_C=''
ECHO_N='-n'
ECHO_T=''
EGREP='/usr/bin/grep -E'
EXEEXT=''
FGREP='/usr/bin/grep -F'
GREP='/usr/bin/grep'
INSTALL_DATA='${INSTALL} -m 644'
INSTALL_PROGRAM='${INSTALL}'
INSTALL_SCRIPT='${INSTALL}'
INSTALL_STRIP_PROGRAM='$(install_sh) -c -s'
LD='/usr/bin/ld -m elf_x86_64'
LDFLAGS=''
LIBOBJS=''
LIBS='-lpng '
LIBTOOL='$(SHELL) $(top_builddir)/libtool'
LIPO=''
LN_S='ln -s'
LTLIBOBJS=''
MAKEINFO='${SHELL} /home/ginn/vagabond/vagabond/missing makeinfo'
MANIFEST_TOOL=':'
MKDIR_P='/usr/bin/mkdir -p'
NM='/usr/bin/nm -B'
NMEDIT=''
OBJDUMP='objdump'
OBJEXT='o'
OTOOL64=''
OTOOL=''
PACKAGE='vagabond'
PACKAGE_BUGREPORT='vagabond@hginn.co.uk'
PACKAGE_NAME='vagabond'
PACKAGE_STRING='vagabond 0.0'
PACKAGE_TARNAME='vagabond'
PACKAGE_URL=''
PACKAGE_VERSION='0.0'
PATH_SEPARATOR=':'
POW_LIB=''
RANLIB='ranlib'
SED='/usr/bin/sed'
SET_MAKE=''
SHELL='/bin/sh'
STRIP='strip'
VERSION='0.0'
ac_ct_AR='ar'
ac_ct_CC='gcc'
ac_ct_CXX='g++'
ac_ct_DUMPBIN=''
am__EXEEXT_FALSE=''
am__EXEEXT_TRUE='#'
am__fastdepCC_FALSE='#'
am__fastdepCC_TRUE=''
am__fastdepCXX_FALSE='#'
am__fastdepCXX_TRUE=''
am__include='include'
am__isrc=''
am__leading_dot='.'
am__nodep='_no'
am__quote=''
am__tar='$${TAR-tar} chof - "$$tardir"'
am__untar='$${TAR-tar} xf -'
bindir='${exec_prefix}/bin'
build='x86_64-unknown-linux-gnu'
build_alias=''
build_cpu='x86_64'
build_os='linux-gnu'
build_vendor='unknown'
datadir='${datarootdir}'
datarootdir='${prefix}/share'
docdir='${datarootdir}/doc/${PACKAGE_TARNAME}'
dvidir='${docdir}'
exec_prefix='${prefix}'
host='x86_64-unknown-linux-gnu'
host_alias=''
host_cpu='x86_64'
host_os='linux-gnu'
host_vendor='unknown'
htmldir='${docdir}'
includedir='${prefix}/include'
infodir='${datarootdir}/info'
install_sh='${SHELL} /home/ginn/vagabond/vagabond/install-sh'
libdir='${exec_prefix}/lib'
libexecdir='${exec_prefix}/libexec'
localedir='${datarootdir}/locale'
localstatedir='${prefix}/var'
mandir='${datarootdir}/man'
mkdir_p='$(MKDIR_P)'
oldincludedir='/usr/include'
pdfdir='${docdir}'
prefix='/usr/local'
program_transform_name='s,x,x,'
psdir='${docdir}'
sbindir='${exec_prefix}/sbin'
sharedstatedir='${prefix}/com'
subdirs=' libfftw'
sysconfdir='${prefix}/etc'
target_alias=''

## ----------- ##
## confdefs.h. ##
## ----------- ##

/* confdefs.h */
#define PACKAGE_NAME "vagabond"
#define PACKAGE_TARNAME "vagabond"
#define PACKAGE_VERSION "0.0"
#define PACKAGE_STRING "vagabond 0.0"
#define PACKAGE_BUGREPORT "vagabond@hginn.co.uk"
#define PACKAGE_URL ""
#define PACKAGE "vagabond"
#define VERSION "0.0"
#define STDC_HEADERS 1
#define HAVE_SYS_TYPES_H 1
#define HAVE_SYS_STAT_H 1
#define HAVE_STDLIB_H 1
#define HAVE_STRING_H 1
#define HAVE_MEMORY_H 1
#define HAVE_STRINGS_H 1
#define HAVE_INTTYPES_H 1
#define HAVE_STDINT_H 1
#define HAVE_UNISTD_H 1
#define HAVE_DLFCN_H 1
#define LT_OBJDIR ".libs/"
#define HAVE_LIBPNG 1
#define HAVE_FCNTL_H 1
#define HAVE_FLOAT_H 1
#define HAVE_LIMITS_H 1
#define HAVE_MALLOC_H 1
#define HAVE_STDDEF_H 1
#define HAVE_STDLIB_H 1
#define HAVE_STRING_H 1
#define HAVE_SYS_FILE_H 1
#define HAVE_UNISTD_H 1
#define HAVE__BOOL 1
#define HAVE_ALLOCA_H 1
#define HAVE_ALLOCA 1
#define HAVE_STDLIB_H 1
#define HAVE_MALLOC 1
#define HAVE_STDLIB_H 1
#define HAVE_REALLOC 1
#define HAVE_GETCWD 1
#define HAVE_MEMMOVE 1
#define HAVE_MEMSET 1
#define HAVE_MKDIR 1
#define HAVE_PUTENV 1
#define HAVE_SETENV 1
#define HAVE_STRCHR 1
#define HAVE_STRDUP 1
#define HAVE_STRERROR 1
#define HAVE_STRRCHR 1
#define HAVE_STRSTR 1

configure: exit 0
